* installing *source* package ‘ggcustomalluvial’ ...
** this is package ‘ggcustomalluvial’ version ‘0.0.0.9000’
** using staged installation
** R
** byte-compile and prepare package for lazy loading
Installing packages into ‘/Users/jvergis/Documents/work/ggcustomalluvial/..Rcheck/00LOCK-ggcustomalluvial/00new’
(as ‘lib’ is unspecified)
trying URL 'https://cran.r-project.org/bin/macosx/big-sur-arm64/contrib/4.5/testthat_3.2.3.tgz'
trying URL 'https://cran.r-project.org/bin/macosx/big-sur-arm64/contrib/4.5/ggplot2_3.5.2.tgz'
trying URL 'https://cran.r-project.org/bin/macosx/big-sur-arm64/contrib/4.5/tidyverse_2.0.0.tgz'
trying URL 'https://cran.r-project.org/bin/macosx/big-sur-arm64/contrib/4.5/bezier_1.1.2.tgz'

The downloaded binary packages are in
	/var/folders/xr/9fx2vqcn4ld3vv1zxjg9whqsq15vmb/T//RtmpLYKkOT/downloaded_packages
Test passed 🎉
Test passed 🥳
Test passed 🌈
Test passed 🎉
Test passed 🎉
Test passed 😀
Test passed 🎉
Test passed 😀
Test passed 🌈
Test passed 😀
** help
*** installing help indices
** building package indices
** testing if installed package can be loaded from temporary location
** testing if installed package can be loaded from final location
** testing if installed package keeps a record of temporary installation path
* DONE (ggcustomalluvial)
